SF:lib/repository/local_storage/local_storage.dart
DA:5,1
DA:11,1
DA:12,1
DA:13,1
DA:14,1
DA:15,1
DA:18,1
DA:19,1
DA:20,1
DA:21,1
DA:22,1
DA:23,1
DA:26,1
DA:28,1
DA:29,1
DA:30,1
DA:33,1
DA:34,1
DA:38,1
DA:42,1
DA:47,1
DA:50,1
DA:58,0
DA:59,0
DA:63,1
DA:64,1
DA:65,1
DA:68,1
DA:69,1
DA:70,1
DA:73,1
DA:74,1
DA:75,1
DA:78,1
DA:86,1
DA:88,1
DA:89,1
DA:90,1
DA:91,1
DA:92,1
DA:93,1
LF:41
LH:39
end_of_record
SF:lib/models/chat/chat.dart
DA:17,4
LF:1
LH:1
end_of_record
SF:lib/models/chat/chat.g.dart
DA:9,4
DA:10,4
DA:11,4
DA:12,4
DA:13,2
DA:14,4
DA:15,4
DA:18,2
DA:19,1
DA:20,1
DA:21,1
DA:22,1
DA:23,2
DA:24,2
LF:14
LH:14
end_of_record
SF:lib/models/document/document_status_response/document_status_response.dart
DA:13,2
DA:14,2
LF:2
LH:2
end_of_record
SF:lib/models/document/document_status_response/document_status_response.g.dart
DA:9,2
DA:11,2
DA:12,4
DA:13,4
DA:14,2
DA:15,2
DA:18,1
DA:20,1
DA:21,1
DA:22,1
DA:23,1
DA:24,1
LF:12
LH:12
end_of_record
SF:lib/models/document/documents_response/documents_response.dart
DA:16,4
LF:1
LH:1
end_of_record
SF:lib/models/document/documents_response/documents_response.g.dart
DA:9,2
DA:10,2
DA:11,4
DA:12,2
DA:13,2
DA:14,2
DA:17,1
DA:18,1
DA:19,1
DA:20,1
DA:21,1
DA:22,1
LF:12
LH:12
end_of_record
SF:lib/models/message/message.dart
DA:15,2
DA:16,1
DA:17,1
DA:20,1
DA:23,1
DA:30,1
DA:39,2
DA:40,2
LF:8
LH:8
end_of_record
SF:lib/models/message/message.g.dart
DA:9,4
DA:10,4
DA:11,4
DA:12,2
DA:13,2
DA:14,4
DA:17,2
DA:18,1
DA:19,1
DA:20,1
DA:21,1
DA:22,2
LF:12
LH:12
end_of_record
SF:lib/models/upload/upload.dart
DA:14,2
DA:15,2
LF:2
LH:2
end_of_record
SF:lib/models/upload/upload.g.dart
DA:9,2
DA:10,2
DA:11,4
DA:12,2
DA:13,2
DA:16,1
DA:17,1
DA:18,1
DA:19,1
DA:20,1
LF:10
LH:10
end_of_record
SF:lib/models/user/user_response.dart
DA:19,2
DA:20,2
DA:34,2
DA:35,2
LF:4
LH:4
end_of_record
SF:lib/models/user/user_response.g.dart
DA:9,2
DA:10,2
DA:11,2
DA:12,2
DA:13,2
DA:14,2
DA:16,2
DA:18,4
DA:21,1
DA:22,1
DA:23,1
DA:24,1
DA:25,1
DA:26,1
DA:27,2
DA:30,4
DA:31,4
DA:32,2
DA:33,2
DA:34,2
DA:35,2
DA:36,2
DA:39,1
DA:40,1
DA:41,1
DA:42,1
DA:43,1
DA:44,1
DA:45,1
DA:46,1
LF:30
LH:30
end_of_record
SF:lib/repository/auth/auth_repository.dart
DA:11,1
DA:14,1
DA:19,1
DA:21,2
DA:23,1
DA:26,2
DA:27,1
DA:28,2
DA:29,1
DA:38,1
DA:43,2
DA:44,2
DA:46,1
DA:47,2
DA:49,2
DA:50,2
DA:52,1
DA:53,3
DA:54,1
DA:63,1
DA:64,2
DA:66,2
DA:68,1
DA:69,2
DA:72,2
DA:73,2
DA:74,2
DA:75,1
DA:77,1
DA:80,0
DA:81,0
DA:82,0
DA:90,1
DA:92,2
DA:94,1
DA:96,2
DA:97,1
DA:98,3
DA:99,1
LF:39
LH:36
end_of_record
SF:lib/repository/chat/chat_repository.dart
DA:8,1
DA:10,1
DA:15,3
DA:17,1
DA:18,1
DA:19,1
DA:23,2
DA:24,1
DA:25,3
DA:26,1
DA:28,1
DA:29,3
DA:30,1
DA:38,1
DA:40,4
DA:41,2
DA:42,2
DA:44,1
DA:45,3
DA:46,1
DA:54,1
DA:59,3
DA:61,1
DA:63,2
DA:64,2
DA:66,1
DA:67,3
DA:68,1
LF:28
LH:28
end_of_record
SF:lib/repository/dio/authenticated_dio_client.dart
DA:13,1
DA:18,1
DA:19,1
DA:26,3
DA:27,1
DA:28,1
DA:29,2
DA:30,3
DA:31,1
DA:33,1
DA:34,3
DA:35,0
DA:36,0
DA:37,0
DA:38,0
DA:39,0
DA:40,0
DA:41,0
DA:42,0
DA:44,0
DA:45,0
DA:49,1
DA:55,0
DA:56,0
DA:57,0
DA:58,0
DA:61,0
DA:62,0
DA:63,0
DA:70,0
DA:72,0
DA:73,0
DA:74,0
DA:77,0
DA:78,0
DA:79,0
DA:80,0
DA:81,0
DA:82,0
DA:83,0
DA:84,0
DA:85,0
DA:87,0
DA:90,0
LF:44
LH:12
end_of_record
SF:lib/repository/doc/doc_repository.dart
DA:17,1
DA:24,1
DA:33,0
DA:35,2
DA:41,2
DA:42,2
DA:43,3
DA:48,2
DA:49,2
DA:51,2
DA:53,1
DA:57,0
DA:60,0
DA:63,0
DA:64,0
DA:65,0
DA:66,0
DA:71,0
DA:72,0
DA:74,0
DA:75,0
DA:76,0
DA:81,1
DA:82,3
DA:83,1
DA:88,1
DA:89,3
DA:90,1
DA:98,1
DA:100,3
DA:101,2
DA:102,1
DA:104,1
DA:106,0
DA:110,3
DA:111,1
DA:113,1
DA:114,3
DA:115,1
DA:123,1
DA:125,4
DA:126,2
DA:127,2
DA:129,1
DA:130,3
DA:131,1
DA:139,1
DA:141,4
DA:142,2
DA:145,1
DA:146,3
DA:147,1
DA:155,1
DA:156,2
DA:157,1
DA:158,2
DA:159,3
DA:163,1
DA:164,1
DA:172,1
DA:174,1
DA:175,1
DA:176,1
DA:179,0
DA:180,0
DA:181,0
DA:182,0
DA:183,0
DA:184,0
DA:185,0
DA:186,0
DA:187,0
DA:189,0
DA:192,2
LF:74
LH:51
end_of_record
SF:lib/repository/message/message_repository.dart
DA:7,1
DA:9,1
DA:16,3
DA:17,1
DA:18,1
DA:20,2
DA:21,2
DA:23,1
DA:24,3
DA:25,1
DA:33,1
DA:35,4
DA:36,2
DA:37,1
DA:38,3
DA:39,1
DA:41,1
DA:42,3
DA:43,1
LF:19
LH:19
end_of_record
SF:lib/services/auth/auth_service.dart
DA:12,1
DA:15,1
DA:21,2
DA:22,1
DA:23,3
DA:24,1
DA:25,1
DA:26,1
DA:30,0
DA:31,0
DA:36,1
DA:38,2
DA:40,2
DA:41,2
DA:43,1
DA:44,3
DA:45,1
DA:46,1
DA:47,1
DA:51,0
DA:56,1
DA:58,2
DA:59,2
DA:60,1
DA:61,1
DA:62,1
DA:63,1
DA:65,2
DA:66,2
DA:67,2
DA:68,2
DA:69,2
DA:70,2
DA:71,2
DA:73,1
DA:74,3
DA:75,1
DA:76,1
DA:77,1
DA:81,3
DA:82,1
DA:87,1
DA:89,1
DA:90,2
DA:91,2
DA:92,2
DA:93,1
DA:94,1
DA:95,1
DA:96,1
DA:98,2
DA:99,4
DA:101,1
DA:102,2
DA:103,1
DA:104,2
DA:105,3
DA:106,1
DA:107,1
DA:108,1
DA:112,3
DA:113,1
DA:114,1
DA:115,1
DA:120,1
LF:65
LH:62
end_of_record
SF:lib/utils/utils.dart
DA:10,0
DA:12,0
DA:13,0
DA:14,0
DA:21,1
DA:23,1
DA:24,2
DA:29,5
DA:30,9
DA:32,7
DA:34,5
DA:36,5
LF:12
LH:8
end_of_record
SF:lib/exceptions/http_exception.dart
DA:4,9
DA:5,1
DA:6,3
LF:3
LH:3
end_of_record
SF:lib/utils/error_dialog.dart
DA:7,1
DA:13,1
DA:14,1
DA:15,2
DA:16,2
DA:17,1
DA:20,1
DA:21,1
DA:22,1
DA:23,1
DA:24,1
DA:25,1
DA:27,1
DA:28,1
DA:29,1
DA:37,1
DA:40,1
DA:41,1
DA:42,1
DA:43,1
DA:44,1
DA:45,1
DA:46,1
DA:47,1
DA:48,1
LF:25
LH:25
end_of_record
SF:lib/repository/handle_exception.dart
DA:9,3
DA:10,9
DA:12,9
DA:13,0
DA:14,0
DA:15,3
DA:16,0
DA:17,0
DA:18,3
DA:19,6
DA:20,6
DA:21,0
DA:22,0
DA:24,3
DA:25,9
LF:15
LH:9
end_of_record
SF:lib/pages/profile/profile_screen_provider.dart
DA:8,1
DA:10,1
DA:11,1
DA:13,3
DA:14,4
LF:5
LH:5
end_of_record
SF:lib/pages/profile/profile_screen_provider.g.dart
DA:9,1
DA:13,2
DA:14,1
LF:3
LH:3
end_of_record
SF:lib/services/auth/auth_service_provider.g.dart
DA:9,0
DA:13,9
LF:2
LH:1
end_of_record
SF:lib/services/auth/auth_service_provider.dart
DA:9,0
DA:11,0
DA:12,0
DA:13,0
LF:4
LH:0
end_of_record
SF:lib/repository/auth/auth_repository_provider.g.dart
DA:9,0
DA:13,0
LF:2
LH:0
end_of_record
SF:lib/repository/auth/auth_repository_provider.dart
DA:10,0
DA:12,0
DA:13,0
DA:14,0
DA:18,0
DA:22,0
DA:24,0
LF:7
LH:0
end_of_record
SF:lib/repository/local_storage/local_storage_provider.g.dart
DA:9,0
DA:13,0
LF:2
LH:0
end_of_record
SF:lib/repository/local_storage/local_storage_provider.dart
DA:8,0
DA:10,0
LF:2
LH:0
end_of_record
SF:lib/pages/auth/signin/signin_provider.dart
DA:8,1
DA:10,1
DA:13,1
DA:14,1
DA:16,3
DA:17,1
DA:18,2
DA:19,1
LF:8
LH:8
end_of_record
SF:lib/pages/auth/signin/signin_provider.g.dart
DA:9,1
DA:13,3
LF:2
LH:2
end_of_record
SF:lib/pages/auth/signup/signup_provider.dart
DA:8,1
DA:10,1
DA:13,1
DA:18,1
DA:20,3
DA:21,1
DA:22,2
DA:23,1
LF:8
LH:8
end_of_record
SF:lib/pages/auth/signup/signup_provider.g.dart
DA:9,1
DA:13,3
LF:2
LH:2
end_of_record
SF:lib/services/doc/doc_service.dart
DA:14,1
DA:16,1
DA:22,2
DA:28,1
DA:29,3
DA:30,1
DA:31,1
DA:32,1
DA:36,1
DA:40,1
DA:42,2
DA:44,1
DA:45,3
DA:46,1
DA:47,1
DA:48,1
DA:52,1
DA:56,1
DA:58,2
DA:60,1
DA:61,3
DA:62,1
DA:63,1
DA:64,1
DA:68,1
DA:72,1
DA:74,2
DA:75,1
DA:76,3
DA:77,1
DA:78,1
DA:79,1
DA:83,1
LF:33
LH:33
end_of_record
SF:lib/services/chat/chat_service.dart
DA:12,1
DA:14,1
DA:16,2
DA:18,1
DA:19,3
DA:20,1
DA:21,1
DA:22,1
DA:26,0
DA:30,1
DA:32,2
DA:34,1
DA:35,3
DA:36,1
DA:37,1
DA:38,1
DA:42,0
DA:46,1
DA:51,2
DA:53,1
DA:54,3
DA:55,1
DA:56,1
DA:57,1
DA:61,0
LF:25
LH:22
end_of_record
SF:lib/services/message/message_service.dart
DA:10,1
DA:12,1
DA:14,2
DA:16,1
DA:17,3
DA:18,1
DA:19,1
DA:20,1
DA:24,1
DA:28,1
DA:35,2
DA:37,1
DA:38,3
DA:39,1
DA:40,1
DA:41,1
DA:45,1
LF:17
LH:17
end_of_record
SF:lib/pages/widgets/message_card.dart
DA:7,1
DA:9,1
DA:11,1
DA:13,1
DA:14,1
DA:15,4
DA:17,1
DA:19,2
DA:20,1
DA:22,1
DA:23,1
DA:24,1
DA:31,1
DA:32,1
DA:38,1
DA:41,1
DA:42,1
DA:43,1
DA:44,1
DA:70,1
DA:78,1
DA:80,1
DA:82,1
DA:83,1
DA:84,4
DA:86,1
DA:88,2
DA:89,1
DA:91,1
DA:92,1
DA:93,1
DA:100,1
DA:101,1
DA:107,1
DA:110,1
DA:111,1
DA:112,1
DA:114,1
LF:38
LH:38
end_of_record
SF:lib/pages/widgets/form_fields.dart
DA:5,1
DA:14,1
DA:15,1
DA:20,1
DA:22,1
DA:23,1
DA:24,1
DA:25,2
DA:28,2
DA:30,1
DA:31,1
DA:32,2
DA:33,2
DA:36,2
DA:39,1
DA:40,1
DA:43,4
DA:53,1
DA:62,1
DA:63,1
DA:69,1
DA:71,1
DA:72,2
DA:73,1
DA:74,1
DA:75,2
DA:78,2
DA:80,1
DA:81,2
DA:82,1
DA:83,2
DA:84,2
DA:89,1
DA:90,2
DA:93,3
DA:103,1
DA:110,1
DA:112,1
DA:113,1
DA:116,1
DA:117,2
DA:120,1
DA:124,1
DA:125,1
DA:128,2
DA:138,1
DA:145,1
DA:147,1
DA:148,1
DA:149,1
DA:150,2
DA:154,1
DA:156,1
DA:157,2
DA:160,3
LF:55
LH:55
end_of_record
